Copyright 1986-2022 Xilinx, Inc. All Rights Reserved. Copyright 2022-2025 Advanced Micro Devices, Inc. All Rights Reserved.
---------------------------------------------------------------------------------------------------------------------------------------------
| Tool Version : Vivado v.2025.1 (lin64) Build 6140274 Wed May 21 22:58:25 MDT 2025
| Date         : Mon Nov 24 12:00:30 2025
| Host         : poppy-36gm0.device.utk.edu running 64-bit Bazzite
| Command      : report_control_sets -verbose -file animations_control_sets_placed.rpt
| Design       : animations
| Device       : xc7a35t
---------------------------------------------------------------------------------------------------------------------------------------------

Control Set Information

Table of Contents
-----------------
1. Summary
2. Histogram
3. Flip-Flop Distribution
4. Detailed Control Set Information

1. Summary
----------

+----------------------------------------------------------+-------+
|                          Status                          | Count |
+----------------------------------------------------------+-------+
| Total control sets                                       |     9 |
|    Minimum number of control sets                        |     9 |
|    Addition due to synthesis replication                 |     0 |
|    Addition due to physical synthesis replication        |     0 |
| Unused register locations in slices containing registers |    44 |
+----------------------------------------------------------+-------+
* Control sets can be merged at opt_design using control_set_merge or merge_equivalent_drivers
** Run report_qor_suggestions for automated merging and remapping suggestions


2. Histogram
------------

+--------------------+-------+
|       Fanout       | Count |
+--------------------+-------+
| Total control sets |     9 |
| >= 0 to < 4        |     6 |
| >= 4 to < 6        |     0 |
| >= 6 to < 8        |     1 |
| >= 8 to < 10       |     0 |
| >= 10 to < 12      |     0 |
| >= 12 to < 14      |     0 |
| >= 14 to < 16      |     0 |
| >= 16              |     2 |
+--------------------+-------+
* Control sets can be remapped at either synth_design or opt_design


3. Flip-Flop Distribution
-------------------------

+--------------+-----------------------+------------------------+-----------------+--------------+
| Clock Enable | Synchronous Set/Reset | Asynchronous Set/Reset | Total Registers | Total Slices |
+--------------+-----------------------+------------------------+-----------------+--------------+
| No           | No                    | No                     |               3 |            2 |
| No           | No                    | Yes                    |               0 |            0 |
| No           | Yes                   | No                     |              34 |           11 |
| Yes          | No                    | No                     |               0 |            0 |
| Yes          | No                    | Yes                    |               0 |            0 |
| Yes          | Yes                   | No                     |              31 |            8 |
+--------------+-----------------------+------------------------+-----------------+--------------+


4. Detailed Control Set Information
-----------------------------------

+--------------------------+------------------+-------------------------------+------------------+----------------+--------------+
|       Clock Signal       |   Enable Signal  |        Set/Reset Signal       | Slice Load Count | Bel Load Count | Bels / Slice |
+--------------------------+------------------+-------------------------------+------------------+----------------+--------------+
|                          |                  | convert/angle2_reg[7]_i_1_n_0 |                1 |              1 |         1.00 |
|                          |                  | convert/angle3_reg[7]_i_1_n_0 |                1 |              1 |         1.00 |
|                          |                  | convert/angle4_reg[8]_i_1_n_0 |                1 |              2 |         2.00 |
|                          |                  | convert/angle0_reg[8]_i_1_n_0 |                1 |              2 |         2.00 |
|                          |                  | convert/angle1_reg[8]_i_1_n_0 |                1 |              2 |         2.00 |
|  clk_IBUF_BUFG           |                  |                               |                2 |              3 |         1.50 |
|  sec_clk_0/sec_clk_reg_0 |                  | reset                         |                1 |              6 |         6.00 |
|  clk_IBUF_BUFG           |                  | count1/count[0]_i_1_n_0       |                5 |             20 |         4.00 |
|  clk_IBUF_BUFG           | sec_clk_0/p_0_in | sec_clk_0/count[31]_i_1_n_0   |                8 |             31 |         3.88 |
+--------------------------+------------------+-------------------------------+------------------+----------------+--------------+


