Copyright 1986-2022 Xilinx, Inc. All Rights Reserved. Copyright 2022-2025 Advanced Micro Devices, Inc. All Rights Reserved.
---------------------------------------------------------------------------------------------------------------------------------------------
| Tool Version : Vivado v.2025.1 (win64) Build 6140274 Thu May 22 00:12:29 MDT 2025
| Date         : Thu Nov 20 10:37:54 2025
| Host         : DESKTOP-7D2UER5 running 64-bit major release  (build 9200)
| Command      : report_control_sets -verbose -file step1_control_sets_placed.rpt
| Design       : step1
| Device       : xc7a35t
---------------------------------------------------------------------------------------------------------------------------------------------

Control Set Information

Table of Contents
-----------------
1. Summary
2. Histogram
3. Flip-Flop Distribution
4. Detailed Control Set Information

1. Summary
----------

+----------------------------------------------------------+-------+
|                          Status                          | Count |
+----------------------------------------------------------+-------+
| Total control sets                                       |     6 |
|    Minimum number of control sets                        |     6 |
|    Addition due to synthesis replication                 |     0 |
|    Addition due to physical synthesis replication        |     0 |
| Unused register locations in slices containing registers |    34 |
+----------------------------------------------------------+-------+
* Control sets can be merged at opt_design using control_set_merge or merge_equivalent_drivers
** Run report_qor_suggestions for automated merging and remapping suggestions


2. Histogram
------------

+--------------------+-------+
|       Fanout       | Count |
+--------------------+-------+
| Total control sets |     6 |
| >= 0 to < 4        |     5 |
| >= 4 to < 6        |     0 |
| >= 6 to < 8        |     0 |
| >= 8 to < 10       |     0 |
| >= 10 to < 12      |     0 |
| >= 12 to < 14      |     0 |
| >= 14 to < 16      |     0 |
| >= 16              |     1 |
+--------------------+-------+
* Control sets can be remapped at either synth_design or opt_design


3. Flip-Flop Distribution
-------------------------

+--------------+-----------------------+------------------------+-----------------+--------------+
| Clock Enable | Synchronous Set/Reset | Asynchronous Set/Reset | Total Registers | Total Slices |
+--------------+-----------------------+------------------------+-----------------+--------------+
| No           | No                    | No                     |               0 |            0 |
| No           | No                    | Yes                    |               0 |            0 |
| No           | Yes                   | No                     |              30 |           10 |
| Yes          | No                    | No                     |               0 |            0 |
| Yes          | No                    | Yes                    |               0 |            0 |
| Yes          | Yes                   | No                     |               0 |            0 |
+--------------+-----------------------+------------------------+-----------------+--------------+


4. Detailed Control Set Information
-----------------------------------

+----------------+---------------+------------------------+------------------+----------------+--------------+
|  Clock Signal  | Enable Signal |    Set/Reset Signal    | Slice Load Count | Bel Load Count | Bels / Slice |
+----------------+---------------+------------------------+------------------+----------------+--------------+
|                |               | sw_IBUF[3]             |                1 |              2 |         2.00 |
|                |               | sw_IBUF[1]             |                1 |              2 |         2.00 |
|                |               | sw_IBUF[4]             |                1 |              2 |         2.00 |
|                |               | sw_IBUF[0]             |                1 |              2 |         2.00 |
|                |               | sw_IBUF[2]             |                1 |              2 |         2.00 |
|  clk_IBUF_BUFG |               | count/count[0]_i_1_n_0 |                5 |             20 |         4.00 |
+----------------+---------------+------------------------+------------------+----------------+--------------+


